
> yotemarket-web-app@0.1.0 build
> vite build

[36mvite v5.4.21 [32mbuilding for production...[36m[39m
transforming...
[32m✓[39m 132 modules transformed.
rendering chunks...
computing gzip size...
[2mdist/[22m[32mindex.html                    [39m[1m[2m  2.61 kB[22m[1m[22m[2m │ gzip:   0.92 kB[22m
[2mdist/[22m[35massets/gated-B4FYD8q5.css     [39m[1m[2m  6.56 kB[22m[1m[22m[2m │ gzip:   1.98 kB[22m
[2mdist/[22m[35massets/index-DlCx0hPO.css     [39m[1m[2m  7.54 kB[22m[1m[22m[2m │ gzip:   2.16 kB[22m
[2mdist/[22m[35massets/index-CE1WfMOP.css     [39m[1m[2m 16.86 kB[22m[1m[22m[2m │ gzip:   3.56 kB[22m
[2mdist/[22m[35massets/index-ClquGFmK.css     [39m[1m[2m 16.93 kB[22m[1m[22m[2m │ gzip:   3.95 kB[22m
[2mdist/[22m[35massets/index-BdHJ-Q4e.css     [39m[1m[2m 20.50 kB[22m[1m[22m[2m │ gzip:   4.81 kB[22m
[2mdist/[22m[35massets/index-B38uuPJc.css     [39m[1m[2m 21.19 kB[22m[1m[22m[2m │ gzip:   4.91 kB[22m
[2mdist/[22m[35massets/index-DNVHsF6t.css     [39m[1m[2m 27.60 kB[22m[1m[22m[2m │ gzip:   5.98 kB[22m
[2mdist/[22m[36massets/economics-B4iWTAmf.js  [39m[1m[2m  2.23 kB[22m[1m[22m[2m │ gzip:   0.97 kB[22m
[2mdist/[22m[36massets/push-D3Kqe8ac.js       [39m[1m[2m  4.72 kB[22m[1m[22m[2m │ gzip:   1.99 kB[22m
[2mdist/[22m[36massets/index-psOPA7xy.js      [39m[1m[2m 18.25 kB[22m[1m[22m[2m │ gzip:   4.60 kB[22m
[2mdist/[22m[36massets/index-BaHU60gE.js      [39m[1m[2m 19.13 kB[22m[1m[22m[2m │ gzip:   5.24 kB[22m
[2mdist/[22m[36massets/router-B3Ua7LBD.js     [39m[1m[2m 22.28 kB[22m[1m[22m[2m │ gzip:   8.25 kB[22m
[2mdist/[22m[36massets/index-BixPcBZQ.js      [39m[1m[2m 51.29 kB[22m[1m[22m[2m │ gzip:  13.67 kB[22m
[2mdist/[22m[36massets/index-CYpKijWT.js      [39m[1m[2m 53.51 kB[22m[1m[22m[2m │ gzip:  12.81 kB[22m
[2mdist/[22m[36massets/index-jhFdkqcA.js      [39m[1m[2m 54.17 kB[22m[1m[22m[2m │ gzip:  14.26 kB[22m
[2mdist/[22m[36massets/gated-CVJPREQS.js      [39m[1m[2m 78.76 kB[22m[1m[22m[2m │ gzip:  19.56 kB[22m
[2mdist/[22m[36massets/index-H30CEVDQ.js      [39m[1m[2m109.46 kB[22m[1m[22m[2m │ gzip:  28.48 kB[22m
[2mdist/[22m[36massets/react-8kngacb8.js      [39m[1m[2m193.10 kB[22m[1m[22m[2m │ gzip:  60.28 kB[22m
[2mdist/[22m[36massets/firebase-Do8pja6t.js   [39m[1m[33m803.06 kB[39m[22m[2m │ gzip: 194.30 kB[22m
[32m✓ built in 1m 11s[39m

(!) Some chunks are larger than 700 kB after minification. Consider:
- Using dynamic import() to code-split the application
- Use build.rollupOptions.output.manualChunks to improve chunking: https://rollupjs.org/configuration-options/#output-manualchunks
- Adjust chunk size limit for this warning via build.chunkSizeWarningLimit.
